<?xml version="1.0" encoding="UTF-8"?>
<!-- Generated by org.testng.reporters.JUnitXMLReporter -->
<testsuite ignored="0" hostname="DKXHFG3" failures="1" tests="15" name="Device-1" time="183.995" errors="0" timestamp="2023-10-11T17:03:17 IST">
  <testcase classname="testScripts.Reflex_Vox_EReport" name="tc01_App_Launch" time="13.346"/>
  <testcase classname="testScripts.Reflex_Vox_EReport" name="tc02_Permission_Access_Photo_Media_Files" time="0.607"/>
  <testcase classname="testScripts.Reflex_Vox_EReport" name="tc03_LoginScreen_Agree_Policy" time="4.948"/>
  <testcase classname="testScripts.Reflex_Vox_EReport" name="tc04_Login_with_Registered_MobileNumber" time="7.212"/>
  <testcase classname="testScripts.Reflex_Vox_EReport" name="tc05_Permission_to_Access_device_location_and_enable_relevent_settings" time="11.567"/>
  <testcase classname="testScripts.Reflex_Vox_EReport" name="tc06_Pairing_the_device" time="30.871"/>
  <testcase classname="testScripts.Reflex_Vox_EReport" name="tc07_Set_and_Cancel_Amazon_HealthFitness_Settings" time="6.232"/>
  <testcase classname="testScripts.Reflex_Vox_EReport" name="tc08_ProfileTab" time="2.985"/>
  <testcase classname="testScripts.Reflex_Vox_EReport" name="tc09_MultisportTab" time="5.994"/>
  <testcase classname="testScripts.Reflex_Vox_EReport" name="tc10_MyDeviceTab" time="17.078"/>
  <testcase classname="testScripts.Reflex_Vox_EReport" name="tc11_Home_Excercise_Card" time="5.23"/>
  <testcase classname="testScripts.Reflex_Vox_EReport" name="tc12_Home_Sleep_Card" time="10.559"/>
  <testcase classname="testScripts.Reflex_Vox_EReport" name="tc13_Stress_Card" time="62.206"/>
  <testcase classname="testScripts.Reflex_Vox_EReport" name="tc14_Home_Heart_Rate_Card" time="3.716">
    <failure type="java.lang.AssertionError" message="Actual and Expected are not same expected [89] but found [87]">
      <![CDATA[java.lang.AssertionError: Actual and Expected are not same expected [89] but found [87]
at testScripts.Reflex_Vox_EReport.tc14_Home_Heart_Rate_Card(Reflex_Vox_EReport.java:446)
at java.base/java.util.ArrayList.forEach(ArrayList.java:1511)
... Removed 32 stack frames]]>
    </failure>
  </testcase> <!-- tc14_Home_Heart_Rate_Card -->
  <testcase classname="testScripts.Reflex_Vox_EReport" name="tc15_Home_Spo2_Card" time="1.36"/>
</testsuite> <!-- Device-1 -->
