<?xml version="1.0" encoding="UTF-8"?>
<!-- Generated by org.testng.reporters.JUnitReportReporter -->
<testsuite hostname="DKXHFG3" failures="1" tests="15" name="testScripts.Reflex_Vox_EReport" time="183.911" errors="0" timestamp="2023-10-11T17:03:18 IST" skipped="0">
  <testcase classname="testScripts.Reflex_Vox_EReport" name="tc06_Pairing_the_device" time="30.871"/>
  <system-out/>
  <testcase classname="testScripts.Reflex_Vox_EReport" name="tc04_Login_with_Registered_MobileNumber" time="7.212"/>
  <system-out/>
  <testcase classname="testScripts.Reflex_Vox_EReport" name="tc07_Set_and_Cancel_Amazon_HealthFitness_Settings" time="6.232"/>
  <system-out/>
  <testcase classname="testScripts.Reflex_Vox_EReport" name="tc03_LoginScreen_Agree_Policy" time="4.948"/>
  <system-out/>
  <testcase classname="testScripts.Reflex_Vox_EReport" name="tc01_App_Launch" time="13.346"/>
  <system-out/>
  <testcase classname="testScripts.Reflex_Vox_EReport" name="tc02_Permission_Access_Photo_Media_Files" time="0.607"/>
  <system-out/>
  <testcase classname="testScripts.Reflex_Vox_EReport" name="tc13_Stress_Card" time="62.206"/>
  <system-out/>
  <testcase classname="testScripts.Reflex_Vox_EReport" name="tc05_Permission_to_Access_device_location_and_enable_relevent_settings" time="11.567"/>
  <system-out/>
  <testcase classname="testScripts.Reflex_Vox_EReport" name="tc08_ProfileTab" time="2.985"/>
  <system-out/>
  <testcase classname="testScripts.Reflex_Vox_EReport" name="tc14_Home_Heart_Rate_Card" time="3.716">
    <failure message="Actual and Expected are not same expected [89] but found [87]" type="java.lang.AssertionError">
      <![CDATA[java.lang.AssertionError: Actual and Expected are not same expected [89] but found [87]
at org.testng.Assert.fail(Assert.java:110)
at org.testng.Assert.failNotEquals(Assert.java:1577)
at org.testng.Assert.assertEqualsImpl(Assert.java:149)
at org.testng.Assert.assertEquals(Assert.java:131)
at org.testng.Assert.assertEquals(Assert.java:655)
at testScripts.Reflex_Vox_EReport.tc14_Home_Heart_Rate_Card(Reflex_Vox_EReport.java:446)
at java.base/jdk.internal.reflect.NativeMethodAccessorImpl.invoke0(Native Method)
at java.base/jdk.internal.reflect.NativeMethodAccessorImpl.invoke(NativeMethodAccessorImpl.java:77)
at java.base/jdk.internal.reflect.DelegatingMethodAccessorImpl.invoke(DelegatingMethodAccessorImpl.java:43)
at java.base/java.lang.reflect.Method.invoke(Method.java:568)
at org.testng.internal.invokers.MethodInvocationHelper.invokeMethod(MethodInvocationHelper.java:139)
at org.testng.internal.invokers.TestInvoker.invokeMethod(TestInvoker.java:677)
at org.testng.internal.invokers.TestInvoker.invokeTestMethod(TestInvoker.java:221)
at org.testng.internal.invokers.MethodRunner.runInSequence(MethodRunner.java:50)
at org.testng.internal.invokers.TestInvoker$MethodInvocationAgent.invoke(TestInvoker.java:969)
at org.testng.internal.invokers.TestInvoker.invokeTestMethods(TestInvoker.java:194)
at org.testng.internal.invokers.TestMethodWorker.invokeTestMethods(TestMethodWorker.java:148)
at org.testng.internal.invokers.TestMethodWorker.run(TestMethodWorker.java:128)
at java.base/java.util.ArrayList.forEach(ArrayList.java:1511)
at org.testng.TestRunner.privateRun(TestRunner.java:829)
at org.testng.TestRunner.run(TestRunner.java:602)
at org.testng.SuiteRunner.runTest(SuiteRunner.java:437)
at org.testng.SuiteRunner.runSequentially(SuiteRunner.java:431)
at org.testng.SuiteRunner.privateRun(SuiteRunner.java:391)
at org.testng.SuiteRunner.run(SuiteRunner.java:330)
at org.testng.SuiteRunnerWorker.runSuite(SuiteRunnerWorker.java:52)
at org.testng.SuiteRunnerWorker.run(SuiteRunnerWorker.java:95)
at org.testng.TestNG.runSuitesSequentially(TestNG.java:1256)
at org.testng.TestNG.runSuitesLocally(TestNG.java:1176)
at org.testng.TestNG.runSuites(TestNG.java:1099)
at org.testng.TestNG.run(TestNG.java:1067)
at org.testng.remote.AbstractRemoteTestNG.run(AbstractRemoteTestNG.java:115)
at org.testng.remote.RemoteTestNG.initAndRun(RemoteTestNG.java:251)
at org.testng.remote.RemoteTestNG.main(RemoteTestNG.java:77)
]]>
    </failure>
  </testcase> <!-- tc14_Home_Heart_Rate_Card -->
  <system-out/>
  <testcase classname="testScripts.Reflex_Vox_EReport" name="tc15_Home_Spo2_Card" time="1.360"/>
  <system-out/>
  <testcase classname="testScripts.Reflex_Vox_EReport" name="tc12_Home_Sleep_Card" time="10.559"/>
  <system-out/>
  <testcase classname="testScripts.Reflex_Vox_EReport" name="tc10_MyDeviceTab" time="17.078"/>
  <system-out/>
  <testcase classname="testScripts.Reflex_Vox_EReport" name="tc09_MultisportTab" time="5.994"/>
  <system-out/>
  <testcase classname="testScripts.Reflex_Vox_EReport" name="tc11_Home_Excercise_Card" time="5.230"/>
  <system-out/>
</testsuite> <!-- testScripts.Reflex_Vox_EReport -->
