<?xml version="1.0" encoding="UTF-8"?>
<!-- Generated by org.testng.reporters.JUnitXMLReporter -->
<testsuite ignored="0" hostname="DKXHFG3" failures="0" tests="15" name="Device-1" time="128.825" errors="0" timestamp="2023-10-11T17:55:02 IST">
  <testcase classname="testScripts.Reflex_Vox_EReport" name="tc01_App_Launch" time="13.955"/>
  <testcase classname="testScripts.Reflex_Vox_EReport" name="tc02_Permission_Access_Photo_Media_Files" time="0.659"/>
  <testcase classname="testScripts.Reflex_Vox_EReport" name="tc03_LoginScreen_Agree_Policy" time="5.285"/>
  <testcase classname="testScripts.Reflex_Vox_EReport" name="tc04_Login_with_Registered_MobileNumber" time="6.301"/>
  <testcase classname="testScripts.Reflex_Vox_EReport" name="tc05_Permission_to_Access_device_location_and_enable_relevent_settings" time="12.019"/>
  <testcase classname="testScripts.Reflex_Vox_EReport" name="tc06_Pairing_the_device" time="32.248"/>
  <testcase classname="testScripts.Reflex_Vox_EReport" name="tc07_Set_and_Cancel_Amazon_HealthFitness_Settings" time="6.238"/>
  <testcase classname="testScripts.Reflex_Vox_EReport" name="tc08_ProfileTab" time="2.833"/>
  <testcase classname="testScripts.Reflex_Vox_EReport" name="tc09_MultisportTab" time="6.154"/>
  <testcase classname="testScripts.Reflex_Vox_EReport" name="tc10_MyDeviceTab" time="16.013"/>
  <testcase classname="testScripts.Reflex_Vox_EReport" name="tc11_Home_Excercise_Card" time="4.315"/>
  <testcase classname="testScripts.Reflex_Vox_EReport" name="tc12_Home_Sleep_Card" time="10.653"/>
  <testcase classname="testScripts.Reflex_Vox_EReport" name="tc13_Stress_Card" time="3.18"/>
  <testcase classname="testScripts.Reflex_Vox_EReport" name="tc14_Home_Heart_Rate_Card" time="6.104"/>
  <testcase classname="testScripts.Reflex_Vox_EReport" name="tc15_Home_Spo2_Card" time="2.831"/>
</testsuite> <!-- Device-1 -->
